0 info it worked if it ends with ok
1 verbose cli [ 'c:\\nodejs\\node.exe',
1 verbose cli   'c:\\nodejs\\node_modules\\npm\\bin\\npm-cli.js',
1 verbose cli   'install',
1 verbose cli   'http-server' ]
2 info using npm@1.3.14
3 info using node@v0.10.22
4 warn package.json game@0.0.0 No description
5 warn package.json game@0.0.0 No repository field.
6 warn package.json game@0.0.0 No README data
7 verbose readDependencies using package.json deps
8 verbose cache add [ 'http-server', null ]
9 verbose cache add name=undefined spec="http-server" args=["http-server",null]
10 verbose parsed url { protocol: null,
10 verbose parsed url   slashes: null,
10 verbose parsed url   auth: null,
10 verbose parsed url   host: null,
10 verbose parsed url   port: null,
10 verbose parsed url   hostname: null,
10 verbose parsed url   hash: null,
10 verbose parsed url   search: null,
10 verbose parsed url   query: null,
10 verbose parsed url   pathname: 'http-server',
10 verbose parsed url   path: 'http-server',
10 verbose parsed url   href: 'http-server' }
11 silly lockFile ed608307-http-server http-server
12 verbose lock http-server C:\Users\Denis\AppData\Roaming\npm-cache\ed608307-http-server.lock
13 silly lockFile ed608307-http-server http-server
14 silly lockFile ed608307-http-server http-server
15 verbose addNamed [ 'http-server', '' ]
16 verbose addNamed [ null, '*' ]
17 silly lockFile 550353c6-http-server http-server@
18 verbose lock http-server@ C:\Users\Denis\AppData\Roaming\npm-cache\550353c6-http-server.lock
19 silly addNameRange { name: 'http-server', range: '*', hasData: false }
20 verbose url raw http-server
21 verbose url resolving [ 'http://registry.npmjs.org/', './http-server' ]
22 verbose url resolved http://registry.npmjs.org/http-server
23 info trying registry request attempt 1 at 19:17:54
24 verbose etag "8UTYMCKLWZJPB2EDSG4E9RWY0"
25 http GET http://registry.npmjs.org/http-server
26 http 304 http://registry.npmjs.org/http-server
27 silly registry.get cb [ 304,
27 silly registry.get   { server: 'CouchDB/1.5.0 (Erlang OTP/R15B03)',
27 silly registry.get     etag: '"8UTYMCKLWZJPB2EDSG4E9RWY0"',
27 silly registry.get     date: 'Tue, 10 Dec 2013 18:17:56 GMT',
27 silly registry.get     'content-length': '0' } ]
28 verbose etag http-server from cache
29 silly addNameRange number 2 { name: 'http-server', range: '*', hasData: true }
30 silly addNameRange versions [ 'http-server',
30 silly addNameRange   [ '0.1.0',
30 silly addNameRange     '0.1.1',
30 silly addNameRange     '0.1.3',
30 silly addNameRange     '0.2.1',
30 silly addNameRange     '0.2.2',
30 silly addNameRange     '0.2.3',
30 silly addNameRange     '0.2.4',
30 silly addNameRange     '0.2.5',
30 silly addNameRange     '0.2.6',
30 silly addNameRange     '0.2.9',
30 silly addNameRange     '0.3.0',
30 silly addNameRange     '0.4.0',
30 silly addNameRange     '0.4.1',
30 silly addNameRange     '0.5.0',
30 silly addNameRange     '0.5.1',
30 silly addNameRange     '0.5.2',
30 silly addNameRange     '0.5.3',
30 silly addNameRange     '0.5.5',
30 silly addNameRange     '0.6.0',
30 silly addNameRange     '0.6.1' ] ]
31 verbose addNamed [ 'http-server', '0.6.1' ]
32 verbose addNamed [ '0.6.1', '0.6.1' ]
33 silly lockFile 1e2b2518-http-server-0-6-1 http-server@0.6.1
34 verbose lock http-server@0.6.1 C:\Users\Denis\AppData\Roaming\npm-cache\1e2b2518-http-server-0-6-1.lock
35 silly lockFile 71e6ba64-ttp-server-http-server-0-6-1-tgz http://registry.npmjs.org/http-server/-/http-server-0.6.1.tgz
36 verbose lock http://registry.npmjs.org/http-server/-/http-server-0.6.1.tgz C:\Users\Denis\AppData\Roaming\npm-cache\71e6ba64-ttp-server-http-server-0-6-1-tgz.lock
37 verbose addRemoteTarball [ 'http://registry.npmjs.org/http-server/-/http-server-0.6.1.tgz',
37 verbose addRemoteTarball   '06fce65cf2bd4132a578bdac62ffacb97d613981' ]
38 info retry fetch attempt 1 at 19:17:55
39 verbose fetch to= C:\Users\Denis\AppData\Local\Temp\npm-4888-7oAOnpMI\1386699475007-0.9813017230480909\tmp.tgz
40 http GET http://registry.npmjs.org/http-server/-/http-server-0.6.1.tgz
41 http 404 http://registry.npmjs.org/http-server/-/http-server-0.6.1.tgz
42 error fetch failed http://registry.npmjs.org/http-server/-/http-server-0.6.1.tgz
43 silly lockFile 71e6ba64-ttp-server-http-server-0-6-1-tgz http://registry.npmjs.org/http-server/-/http-server-0.6.1.tgz
44 silly lockFile 71e6ba64-ttp-server-http-server-0-6-1-tgz http://registry.npmjs.org/http-server/-/http-server-0.6.1.tgz
45 silly lockFile 1e2b2518-http-server-0-6-1 http-server@0.6.1
46 silly lockFile 1e2b2518-http-server-0-6-1 http-server@0.6.1
47 silly lockFile 550353c6-http-server http-server@
48 silly lockFile 550353c6-http-server http-server@
49 error Error: 404 Not Found
49 error     at WriteStream.<anonymous> (c:\nodejs\node_modules\npm\lib\utils\fetch.js:57:12)
49 error     at WriteStream.EventEmitter.emit (events.js:117:20)
49 error     at fs.js:1596:14
49 error     at c:\nodejs\node_modules\npm\node_modules\graceful-fs\graceful-fs.js:103:5
49 error     at Object.oncomplete (fs.js:107:15)
50 error If you need help, you may report this log at:
50 error     <http://github.com/isaacs/npm/issues>
50 error or email it to:
50 error     <npm-@googlegroups.com>
51 error System Windows_NT 6.1.7601
52 error command "c:\\nodejs\\node.exe" "c:\\nodejs\\node_modules\\npm\\bin\\npm-cli.js" "install" "http-server"
53 error cwd c:\Users\Denis\Dropbox\BitFighters\gameBase
54 error node -v v0.10.22
55 error npm -v 1.3.14
56 verbose exit [ 1, true ]
